Using pre-set license
Built from '2020.3/release' branch; Version is '2020.3.15f2 (6cf78cb77498) revision 7141260'; Using compiler version '192528614'; Build Type 'Release'
OS: 'Windows 10 Home; OS build 19042.1165; Version 2009; 64bit' Language: 'en' Physical Memory: 6020 MB
BatchMode: 1, IsHumanControllingUs: 0, StartBugReporterOnCrash: 0, Is64bit: 1, IsPro: 0

 COMMAND LINE ARGUMENTS:
C:\Program Files\Unity\Hub\Editor\2020.3.15f2\Editor\Unity.exe
-adb2
-batchMode
-noUpm
-name
AssetImportWorker0
-projectPath
C:/Users/borna/Documents/Faks/Završni rad/ml-agents-release_18/MLHades
-logFile
Logs/AssetImportWorker0.log
-srvPort
63273
Successfully changed project path to: C:/Users/borna/Documents/Faks/Završni rad/ml-agents-release_18/MLHades
C:/Users/borna/Documents/Faks/Završni rad/ml-agents-release_18/MLHades
Using Asset Import Pipeline V2.
Refreshing native plugins compatible for Editor in 108.00 ms, found 1 plugins.
Preloading 0 native plugins for Editor in 0.00 ms.
Initialize engine version: 2020.3.15f2 (6cf78cb77498)
[Subsystems] Discovering subsystems at path C:/Program Files/Unity/Hub/Editor/2020.3.15f2/Editor/Data/Resources/UnitySubsystems
[Subsystems] Discovering subsystems at path C:/Users/borna/Documents/Faks/Završni rad/ml-agents-release_18/MLHades/Assets
GfxDevice: creating device client; threaded=0
Direct3D:
    Version:  Direct3D 11.0 [level 11.1]
    Renderer: AMD Radeon(TM) Vega 8 Graphics (ID=0x15d8)
    Vendor:   
    VRAM:     3010 MB
    Driver:   27.20.11028.10001
Shader 'Universal Render Pipeline/Particles/Lit': fallback shader 'Universal Render Pipeline/Particles/SimpleLit' not found
Initialize mono
Mono path[0] = 'C:/Program Files/Unity/Hub/Editor/2020.3.15f2/Editor/Data/Managed'
Mono path[1] = 'C:/Program Files/Unity/Hub/Editor/2020.3.15f2/Editor/Data/MonoBleedingEdge/lib/mono/unityjit'
Mono config path = 'C:/Program Files/Unity/Hub/Editor/2020.3.15f2/Editor/Data/MonoBleedingEdge/etc'
Using monoOptions --debugger-agent=transport=dt_socket,embedding=1,server=y,suspend=n,address=127.0.0.1:56124
Begin MonoManager ReloadAssembly
Registering precompiled unity dll's ...
Register platform support module: C:/Program Files/Unity/Hub/Editor/2020.3.15f2/Editor/Data/PlaybackEngines/WindowsStandaloneSupport/UnityEditor.WindowsStandalone.Extensions.dll
Registered in 0.005784 seconds.
Native extension for WindowsStandalone target not found
Refreshing native plugins compatible for Editor in 130.08 ms, found 1 plugins.
Preloading 0 native plugins for Editor in 0.00 ms.
Mono: successfully reloaded assembly
- Completed reload, in  3.475 seconds
Domain Reload Profiling:
	ReloadAssembly (3476ms)
		BeginReloadAssembly (165ms)
			ExecutionOrderSort (0ms)
			DisableScriptedObjects (0ms)
			BackupInstance (0ms)
			ReleaseScriptingObjects (0ms)
			CreateAndSetChildDomain (2ms)
		EndReloadAssembly (1090ms)
			LoadAssemblies (153ms)
			RebuildTransferFunctionScriptingTraits (0ms)
			SetupTypeCache (312ms)
			ReleaseScriptCaches (0ms)
			RebuildScriptCaches (54ms)
			SetupLoadedEditorAssemblies (468ms)
				LogAssemblyErrors (0ms)
				InitializePlatformSupportModulesInManaged (13ms)
				SetLoadedEditorAssemblies (1ms)
				RefreshPlugins (130ms)
				BeforeProcessingInitializeOnLoad (32ms)
				ProcessInitializeOnLoadAttributes (206ms)
				ProcessInitializeOnLoadMethodAttributes (85ms)
				AfterProcessingInitializeOnLoad (0ms)
				EditorAssembliesLoaded (0ms)
			ExecutionOrderSort2 (0ms)
			AwakeInstancesAfterBackupRestoration (0ms)
Platform modules already initialized, skipping
Registering precompiled user dll's ...
Registered in 0.037314 seconds.
Begin MonoManager ReloadAssembly
Native extension for WindowsStandalone target not found
Refreshing native plugins compatible for Editor in 84.27 ms, found 1 plugins.
Preloading 0 native plugins for Editor in 0.00 ms.
Mono: successfully reloaded assembly
- Completed reload, in  4.012 seconds
Domain Reload Profiling:
	ReloadAssembly (4053ms)
		BeginReloadAssembly (289ms)
			ExecutionOrderSort (0ms)
			DisableScriptedObjects (15ms)
			BackupInstance (0ms)
			ReleaseScriptingObjects (0ms)
			CreateAndSetChildDomain (32ms)
		EndReloadAssembly (3644ms)
			LoadAssemblies (418ms)
			RebuildTransferFunctionScriptingTraits (0ms)
			SetupTypeCache (660ms)
			ReleaseScriptCaches (1ms)
			RebuildScriptCaches (158ms)
			SetupLoadedEditorAssemblies (2064ms)
				LogAssemblyErrors (0ms)
				InitializePlatformSupportModulesInManaged (7ms)
				SetLoadedEditorAssemblies (0ms)
				RefreshPlugins (84ms)
				BeforeProcessingInitializeOnLoad (314ms)
				ProcessInitializeOnLoadAttributes (1633ms)
				ProcessInitializeOnLoadMethodAttributes (10ms)
				AfterProcessingInitializeOnLoad (15ms)
				EditorAssembliesLoaded (0ms)
			ExecutionOrderSort2 (0ms)
			AwakeInstancesAfterBackupRestoration (9ms)
Platform modules already initialized, skipping
========================================================================
Worker process is ready to serve import requests
Shader 'Universal Render Pipeline/Particles/Lit': fallback shader 'Universal Render Pipeline/Particles/SimpleLit' not found
Launched and connected shader compiler UnityShaderCompiler.exe after 0.15 seconds
Refreshing native plugins compatible for Editor in 1.54 ms, found 1 plugins.
Preloading 0 native plugins for Editor in 0.00 ms.
Unloading 2888 Unused Serialized files (Serialized files now loaded: 0)
System memory in use before: 144.8 MB.
System memory in use after: 145.0 MB.

Unloading 32 unused Assets to reduce memory usage. Loaded Objects now: 3319.
Total: 4.203800 ms (FindLiveObjects: 0.621900 ms CreateObjectMapping: 0.120300 ms MarkObjects: 3.306700 ms  DeleteObjects: 0.152500 ms)

AssetImportParameters requested are different than current active one (requested -> active):
  custom:framework-win-MediaFoundation: 216162199b28c13a410421893ffa2e32 -> 
  custom:video-decoder-ogg-theora: a1e56fd34408186e4bbccfd4996cb3dc -> 
  custom:container-muxer-webm: aa71ff27fc2769a1b78a27578f13a17b -> 
  custom:container-demuxer-webm: 4f35f7cbe854078d1ac9338744f61a02 -> 
  custom:container-demuxer-ogg: 62fdf1f143b41e24485cea50d1cbac27 -> 
  custom:video-encoder-webm-vp8: eb34c28f22e8b96e1ab97ce403110664 -> 
  custom:video-codec-MediaFoundation-h265: 746d11721c4dcdbdad8f713fa42b33f4 -> 
  custom:video-decoder-webm-vp8: 9c59270c3fd7afecdb556c50c9e8de78 -> 
  custom:audio-decoder-ogg-vorbis: bf7c407c2cedff20999df2af8eb42d56 -> 
  custom:audio-encoder-webm-vorbis: bf7c407c2cedff20999df2af8eb42d56 -> 
========================================================================
Received Import Request.
  path: Assets/MLHades/Prefabs/Reward/CoinReward.prefab
  artifactKey: Guid(5cf4e1fe215fbd14589ca561d6b70373) Importer(815301076,1909f56bfc062723c751e8b465ee728b)
Start importing Assets/MLHades/Prefabs/Reward/CoinReward.prefab using Guid(5cf4e1fe215fbd14589ca561d6b70373) Importer(815301076,1909f56bfc062723c751e8b465ee728b)  -> (artifact id: '8dad6369c081b42a1ebbd733fef39006') in 0.667232 seconds 
  Import took 0.684570 seconds .

========================================================================
Received Import Request.
  Time since last request: 698.845345 seconds.
  path: Assets/MLHades/Prefabs/Enemies/Parts/SpawnPoint.prefab
  artifactKey: Guid(829e3ca4e6d9754458b65a0451561ef8) Importer(815301076,1909f56bfc062723c751e8b465ee728b)
Start importing Assets/MLHades/Prefabs/Enemies/Parts/SpawnPoint.prefab using Guid(829e3ca4e6d9754458b65a0451561ef8) Importer(815301076,1909f56bfc062723c751e8b465ee728b)  -> (artifact id: '9dbf8f3df17637ffd966210371fbf507') in 0.424459 seconds 
  Import took 0.596694 seconds .

========================================================================
Received Import Request.
  Time since last request: 191.463603 seconds.
  path: Assets/MLHades/Materials/ShaderGraphs/GlowShader.shadergraph
  artifactKey: Guid(10be473b167e9014ca19b9379074032d) Importer(815301076,1909f56bfc062723c751e8b465ee728b)
Start importing Assets/MLHades/Materials/ShaderGraphs/GlowShader.shadergraph using Guid(10be473b167e9014ca19b9379074032d) Importer(815301076,1909f56bfc062723c751e8b465ee728b)  -> (artifact id: '77e2fb007583324abfef3def2ecfc4c2') in 0.020835 seconds 
  Import took 0.029274 seconds .

========================================================================
Received Import Request.
  Time since last request: 0.016449 seconds.
  path: Assets/MLHades/Materials/ShaderGraphs/GlowShader.shadergraph
  artifactKey: Guid(10be473b167e9014ca19b9379074032d) Importer(815301076,1909f56bfc062723c751e8b465ee728b)
Start importing Assets/MLHades/Materials/ShaderGraphs/GlowShader.shadergraph using Guid(10be473b167e9014ca19b9379074032d) Importer(815301076,1909f56bfc062723c751e8b465ee728b)  -> (artifact id: '77e2fb007583324abfef3def2ecfc4c2') in 0.007668 seconds 
  Import took 0.016850 seconds .

========================================================================
Received Import Request.
  Time since last request: 189.248105 seconds.
  path: Assets/MLHades/Materials/ShaderGraphs/ScrollingSmokeShader.shadergraph
  artifactKey: Guid(e1a922c742ac2e44380edd06b4ad5e2a) Importer(815301076,1909f56bfc062723c751e8b465ee728b)
Start importing Assets/MLHades/Materials/ShaderGraphs/ScrollingSmokeShader.shadergraph using Guid(e1a922c742ac2e44380edd06b4ad5e2a) Importer(815301076,1909f56bfc062723c751e8b465ee728b)  -> (artifact id: 'c561b151dba7806146b4e52c691728f4') in 0.006380 seconds 
  Import took 0.014989 seconds .

========================================================================
Received Import Request.
  Time since last request: 0.001639 seconds.
  path: Assets/MLHades/Materials/ShaderGraphs/ScrollingSmokeShader.shadergraph
  artifactKey: Guid(e1a922c742ac2e44380edd06b4ad5e2a) Importer(815301076,1909f56bfc062723c751e8b465ee728b)
Start importing Assets/MLHades/Materials/ShaderGraphs/ScrollingSmokeShader.shadergraph using Guid(e1a922c742ac2e44380edd06b4ad5e2a) Importer(815301076,1909f56bfc062723c751e8b465ee728b)  -> (artifact id: 'c561b151dba7806146b4e52c691728f4') in 0.007173 seconds 
  Import took 0.014135 seconds .

========================================================================
Received Import Request.
  Time since last request: 17.983504 seconds.
  path: Assets/MLHades/Materials/ShaderGraphs/SmokeShader.shadergraph
  artifactKey: Guid(4d7cc1b2f0eb45c4f9cbaee888754663) Importer(815301076,1909f56bfc062723c751e8b465ee728b)
Start importing Assets/MLHades/Materials/ShaderGraphs/SmokeShader.shadergraph using Guid(4d7cc1b2f0eb45c4f9cbaee888754663) Importer(815301076,1909f56bfc062723c751e8b465ee728b)  -> (artifact id: '08054ea542f9b516b89f3bbaadbf816d') in 0.008844 seconds 
  Import took 0.017727 seconds .

========================================================================
Received Import Request.
  Time since last request: 47.600639 seconds.
  path: Assets/MLHades/Materials/ShaderGraphs/LiquidShader.shadergraph
  artifactKey: Guid(804f1b94fdc92c84dab11a3fbbc328fb) Importer(815301076,1909f56bfc062723c751e8b465ee728b)
Start importing Assets/MLHades/Materials/ShaderGraphs/LiquidShader.shadergraph using Guid(804f1b94fdc92c84dab11a3fbbc328fb) Importer(815301076,1909f56bfc062723c751e8b465ee728b)  -> (artifact id: '3c7030c62f41d8e751c9e76b9e8a06e6') in 0.008707 seconds 
  Import took 0.016393 seconds .

========================================================================
Received Import Request.
  Time since last request: 39.338660 seconds.
  path: Assets/MLHades/Materials/ShaderGraphs/GradientColorShader.shadergraph
  artifactKey: Guid(ff2299b081baf3d4491470a7c798a0c7) Importer(815301076,1909f56bfc062723c751e8b465ee728b)
Start importing Assets/MLHades/Materials/ShaderGraphs/GradientColorShader.shadergraph using Guid(ff2299b081baf3d4491470a7c798a0c7) Importer(815301076,1909f56bfc062723c751e8b465ee728b)  -> (artifact id: '20d94ea37d5f7ad7fddd12f594febedc') in 0.009223 seconds 
  Import took 0.016941 seconds .

========================================================================
Received Import Request.
  Time since last request: 315.622918 seconds.
  path: Assets/MLHades/Prefabs/Reward/HealReward.prefab
  artifactKey: Guid(19104a093871239459d9885643d3f242) Importer(815301076,1909f56bfc062723c751e8b465ee728b)
Start importing Assets/MLHades/Prefabs/Reward/HealReward.prefab using Guid(19104a093871239459d9885643d3f242) Importer(815301076,1909f56bfc062723c751e8b465ee728b)  -> (artifact id: '72cfb7100d5733c12c7bd347191e240f') in 0.064470 seconds 
  Import took 0.073251 seconds .

========================================================================
Received Import Request.
  Time since last request: 398.769052 seconds.
  path: Assets/MLHades/Prefabs/Enemies/Parts/AlertSign.prefab
  artifactKey: Guid(2888373916693114c8f1067b3d38fe69) Importer(815301076,1909f56bfc062723c751e8b465ee728b)
Start importing Assets/MLHades/Prefabs/Enemies/Parts/AlertSign.prefab using Guid(2888373916693114c8f1067b3d38fe69) Importer(815301076,1909f56bfc062723c751e8b465ee728b)  -> (artifact id: '67a7411a314a2f7a0c781d2ccdbcdf8e') in 0.079509 seconds 
  Import took 0.090581 seconds .

========================================================================
Received Import Request.
  Time since last request: 1756.455812 seconds.
  path: Assets/MLHades/Materials/ShaderGraphs/LaserShader.shadergraph
  artifactKey: Guid(bfa57efdb6b979e4a91c6bcb3a1198c8) Importer(815301076,1909f56bfc062723c751e8b465ee728b)
Start importing Assets/MLHades/Materials/ShaderGraphs/LaserShader.shadergraph using Guid(bfa57efdb6b979e4a91c6bcb3a1198c8) Importer(815301076,1909f56bfc062723c751e8b465ee728b)  -> (artifact id: '98e30a3153216a088a2e9009d6638507') in 0.049358 seconds 
  Import took 0.267346 seconds .

========================================================================
Received Import Request.
  Time since last request: 723.800149 seconds.
  path: Assets/MLHades/Prefabs/RoomElements/Traps/BombTrap.prefab
  artifactKey: Guid(ed9a1b3c00e55ec41b30d0a0768420bb) Importer(815301076,1909f56bfc062723c751e8b465ee728b)
Start importing Assets/MLHades/Prefabs/RoomElements/Traps/BombTrap.prefab using Guid(ed9a1b3c00e55ec41b30d0a0768420bb) Importer(815301076,1909f56bfc062723c751e8b465ee728b)  -> (artifact id: '15a03f1f91051f394ae08f119e3b4eed') in 0.391686 seconds 
  Import took 0.406618 seconds .

========================================================================
Received Import Request.
  Time since last request: 33.949147 seconds.
  path: Assets/MLHades/Prefabs/RoomElements/Traps/ProjectileTrap.prefab
  artifactKey: Guid(dd0bd33b9aa7d0544b5b65f40ccebf93) Importer(815301076,1909f56bfc062723c751e8b465ee728b)
Start importing Assets/MLHades/Prefabs/RoomElements/Traps/ProjectileTrap.prefab using Guid(dd0bd33b9aa7d0544b5b65f40ccebf93) Importer(815301076,1909f56bfc062723c751e8b465ee728b)  -> (artifact id: '3d44e1acdc7ba54cef35f1cf1280f73b') in 0.055191 seconds 
  Import took 0.064229 seconds .

========================================================================
Received Import Request.
  Time since last request: 46.753584 seconds.
  path: Assets/MLHades/Prefabs/RoomElements/Traps/SpikeTrap.prefab
  artifactKey: Guid(467b1e1487ccf6644b5f24db727488e1) Importer(815301076,1909f56bfc062723c751e8b465ee728b)
Start importing Assets/MLHades/Prefabs/RoomElements/Traps/SpikeTrap.prefab using Guid(467b1e1487ccf6644b5f24db727488e1) Importer(815301076,1909f56bfc062723c751e8b465ee728b)  -> (artifact id: '3ae29d8c76473e54a67c679d915752d7') in 0.093908 seconds 
  Import took 0.101481 seconds .

========================================================================
Received Prepare
Registering precompiled user dll's ...
Registered in 0.022403 seconds.
Begin MonoManager ReloadAssembly
Native extension for WindowsStandalone target not found
Refreshing native plugins compatible for Editor in 1.48 ms, found 1 plugins.
Preloading 0 native plugins for Editor in 0.00 ms.
Mono: successfully reloaded assembly
- Completed reload, in  2.813 seconds
Domain Reload Profiling:
	ReloadAssembly (2820ms)
		BeginReloadAssembly (647ms)
			ExecutionOrderSort (0ms)
			DisableScriptedObjects (112ms)
			BackupInstance (0ms)
			ReleaseScriptingObjects (1ms)
			CreateAndSetChildDomain (276ms)
		EndReloadAssembly (2039ms)
			LoadAssemblies (262ms)
			RebuildTransferFunctionScriptingTraits (1ms)
			SetupTypeCache (537ms)
			ReleaseScriptCaches (2ms)
			RebuildScriptCaches (98ms)
			SetupLoadedEditorAssemblies (901ms)
				LogAssemblyErrors (0ms)
				InitializePlatformSupportModulesInManaged (11ms)
				SetLoadedEditorAssemblies (1ms)
				RefreshPlugins (2ms)
				BeforeProcessingInitializeOnLoad (315ms)
				ProcessInitializeOnLoadAttributes (547ms)
				ProcessInitializeOnLoadMethodAttributes (9ms)
				AfterProcessingInitializeOnLoad (16ms)
				EditorAssembliesLoaded (1ms)
			ExecutionOrderSort2 (0ms)
			AwakeInstancesAfterBackupRestoration (29ms)
Platform modules already initialized, skipping
Shader 'Universal Render Pipeline/Particles/Lit': fallback shader 'Universal Render Pipeline/Particles/SimpleLit' not found
Refreshing native plugins compatible for Editor in 1.11 ms, found 1 plugins.
Preloading 0 native plugins for Editor in 0.00 ms.
Unloading 2767 Unused Serialized files (Serialized files now loaded: 0)
System memory in use before: 142.5 MB.
System memory in use after: 142.7 MB.

Unloading 29 unused Assets to reduce memory usage. Loaded Objects now: 3374.
Total: 12.884300 ms (FindLiveObjects: 0.682000 ms CreateObjectMapping: 0.137600 ms MarkObjects: 10.812500 ms  DeleteObjects: 1.248900 ms)

AssetImportParameters requested are different than current active one (requested -> active):
  custom:framework-win-MediaFoundation: 216162199b28c13a410421893ffa2e32 -> 
  custom:video-decoder-ogg-theora: a1e56fd34408186e4bbccfd4996cb3dc -> 
  custom:container-muxer-webm: aa71ff27fc2769a1b78a27578f13a17b -> 
  custom:container-demuxer-webm: 4f35f7cbe854078d1ac9338744f61a02 -> 
  custom:container-demuxer-ogg: 62fdf1f143b41e24485cea50d1cbac27 -> 
  custom:video-encoder-webm-vp8: eb34c28f22e8b96e1ab97ce403110664 -> 
  custom:video-codec-MediaFoundation-h265: 746d11721c4dcdbdad8f713fa42b33f4 -> 
  custom:video-decoder-webm-vp8: 9c59270c3fd7afecdb556c50c9e8de78 -> 
  custom:audio-decoder-ogg-vorbis: bf7c407c2cedff20999df2af8eb42d56 -> 
  custom:audio-encoder-webm-vorbis: bf7c407c2cedff20999df2af8eb42d56 -> 
